[0.280s] Invoking command in '/home/enroche/ros2_ws/src/merge_arrays': PYTHONPATH=/home/enroche/ros2_ws/build/merge_arrays/prefix_override:/usr/lib/python3/dist-packages/colcon_core/task/python/colcon_distutils_commands:/home/enroche/ros2_ws/install/merge_arrays/lib/python3.10/site-packages:${PYTHONPATH} /usr/bin/python3 -W ignore:setup.py install is deprecated -W ignore:easy_install command is deprecated setup.py egg_info --egg-base ../../build/merge_arrays build --build-base /home/enroche/ros2_ws/build/merge_arrays/build install --record /home/enroche/ros2_ws/build/merge_arrays/install.log --single-version-externally-managed install_data
[0.381s] running egg_info
[0.381s] writing ../../build/merge_arrays/merge_arrays.egg-info/PKG-INFO
[0.381s] writing dependency_links to ../../build/merge_arrays/merge_arrays.egg-info/dependency_links.txt
[0.381s] writing entry points to ../../build/merge_arrays/merge_arrays.egg-info/entry_points.txt
[0.381s] writing requirements to ../../build/merge_arrays/merge_arrays.egg-info/requires.txt
[0.381s] writing top-level names to ../../build/merge_arrays/merge_arrays.egg-info/top_level.txt
[0.382s] reading manifest file '../../build/merge_arrays/merge_arrays.egg-info/SOURCES.txt'
[0.382s] writing manifest file '../../build/merge_arrays/merge_arrays.egg-info/SOURCES.txt'
[0.383s] running build
[0.383s] running build_py
[0.383s] copying merge_arrays/merge_arrays_node.py -> /home/enroche/ros2_ws/build/merge_arrays/build/lib/merge_arrays
[0.383s] running install
[0.383s] running install_lib
[0.383s] copying /home/enroche/ros2_ws/build/merge_arrays/build/lib/merge_arrays/merge_arrays_node.py -> /home/enroche/ros2_ws/install/merge_arrays/lib/python3.10/site-packages/merge_arrays
[0.384s] byte-compiling /home/enroche/ros2_ws/install/merge_arrays/lib/python3.10/site-packages/merge_arrays/merge_arrays_node.py to merge_arrays_node.cpython-310.pyc
[0.384s] running install_data
[0.384s] running install_egg_info
[0.385s] removing '/home/enroche/ros2_ws/install/merge_arrays/lib/python3.10/site-packages/merge_arrays-0.0.0-py3.10.egg-info' (and everything under it)
[0.385s] Copying ../../build/merge_arrays/merge_arrays.egg-info to /home/enroche/ros2_ws/install/merge_arrays/lib/python3.10/site-packages/merge_arrays-0.0.0-py3.10.egg-info
[0.386s] running install_scripts
[0.396s] Installing merge_arrays_node script to /home/enroche/ros2_ws/install/merge_arrays/lib/merge_arrays
[0.396s] writing list of installed files to '/home/enroche/ros2_ws/build/merge_arrays/install.log'
[0.407s] Invoked command in '/home/enroche/ros2_ws/src/merge_arrays' returned '0': PYTHONPATH=/home/enroche/ros2_ws/build/merge_arrays/prefix_override:/usr/lib/python3/dist-packages/colcon_core/task/python/colcon_distutils_commands:/home/enroche/ros2_ws/install/merge_arrays/lib/python3.10/site-packages:${PYTHONPATH} /usr/bin/python3 -W ignore:setup.py install is deprecated -W ignore:easy_install command is deprecated setup.py egg_info --egg-base ../../build/merge_arrays build --build-base /home/enroche/ros2_ws/build/merge_arrays/build install --record /home/enroche/ros2_ws/build/merge_arrays/install.log --single-version-externally-managed install_data
